#
# There is insufficient memory for the Java Runtime Environment to continue.
# Native memory allocation (mmap) failed to map 132120576 bytes for G1 virtual space
# Possible reasons:
#   The system is out of physical RAM or swap space
#   The process is running with CompressedOops enabled, and the Java Heap may be blocking the growth of the native heap
# Possible solutions:
#   Reduce memory load on the system
#   Increase physical memory or swap space
#   Check if swap backing store is full
#   Decrease Java heap size (-Xmx/-Xms)
#   Decrease number of Java threads
#   Decrease Java thread stack sizes (-Xss)
#   Set larger code cache with -XX:ReservedCodeCacheSize=
#   JVM is running with Unscaled Compressed Oops mode in which the Java heap is
#     placed in the first 4GB address space. The Java Heap base address is the
#     maximum limit for the native heap growth. Please use -XX:HeapBaseMinAddress
#     to set the Java Heap base and to place the Java Heap above 4GB virtual address.
# This output file may be truncated or incomplete.
#
#  Out of Memory Error (os_windows.cpp:3469), pid=21236, tid=2620
#
# JRE version:  (17.0.1+12) (build )
# Java VM: Java HotSpot(TM) 64-Bit Server VM (17.0.1+12-LTS-39, mixed mode, sharing, tiered, compressed oops, compressed class ptrs, g1 gc, windows-amd64)
# No core dump will be written. Minidumps are not enabled by default on client versions of Windows
#

---------------  S U M M A R Y ------------

Command Line: -Dfile.encoding=Cp1252 -XX:+ShowCodeDetailsInExceptionMessages awt.awtDemo

Host: Intel(R) Core(TM) i5-10300H CPU @ 2.50GHz, 8 cores, 7G,  Windows 10 , 64 bit Build 19041 (10.0.19041.1202)
Time: Wed Feb 16 12:55:09 2022 India Standard Time elapsed time: 0.034157 seconds (0d 0h 0m 0s)

---------------  T H R E A D  ---------------

Current thread (0x000002948df69e20):  JavaThread "Unknown thread" [_thread_in_vm, id=2620, stack(0x000000c2a0e00000,0x000000c2a0f00000)]

Stack: [0x000000c2a0e00000,0x000000c2a0f00000]
Native frames: (J=compiled Java code, j=interpreted, Vv=VM code, C=native code)
V  [jvm.dll+0x66fa1a]
V  [jvm.dll+0x7ce5a4]
V  [jvm.dll+0x7cfd4e]
V  [jvm.dll+0x7d03b3]
V  [jvm.dll+0x242b05]
V  [jvm.dll+0x66ca39]
V  [jvm.dll+0x661502]
V  [jvm.dll+0x30081b]
V  [jvm.dll+0x307da6]
V  [jvm.dll+0x357a1e]
V  [jvm.dll+0x357c4f]
V  [jvm.dll+0x2d7ad8]
V  [jvm.dll+0x2d8a44]
V  [jvm.dll+0x7a01e1]
V  [jvm.dll+0x365791]
V  [jvm.dll+0x77f6cc]
V  [jvm.dll+0x3e812f]
V  [jvm.dll+0x3e9bd1]
C  [jli.dll+0x527b]
C  [ucrtbase.dll+0x21bb2]
C  [KERNEL32.DLL+0x17034]
C  [ntdll.dll+0x52651]


---------------  P R O C E S S  ---------------

Threads class SMR info:
_java_thread_list=0x00007fffa32d7818, length=0, elements={
}

Java Threads: ( => current thread )

Other Threads:
  0x000002948dfa78a0 GCTaskThread "GC Thread#0" [stack: 0x000000c2a0f00000,0x000000c2a1000000] [id=24616]
  0x000002948dfbad70 ConcurrentGCThread "G1 Main Marker" [stack: 0x000000c2a1000000,0x000000c2a1100000] [id=22412]
  0x000002948dfbb690 ConcurrentGCThread "G1 Conc#0" [stack: 0x000000c2a1100000,0x000000c2a1200000] [id=26220]

[error occurred during error reporting (printing all threads), id 0xc0000005, EXCEPTION_ACCESS_VIOLATION (0xc0000005) at pc=0x00007fffa2b284b7]

VM state: not at safepoint (not fully initialized)

VM Mutex/Monitor currently owned by a thread:  ([mutex/lock_event])
[0x000002948df66950] Heap_lock - owner thread: 0x000002948df69e20

Heap address: 0x0000000082a00000, size: 2006 MB, Compressed Oops mode: 32-bit

CDS archive(s) mapped at: [0x0000000000000000-0x0000000000000000-0x0000000000000000), size 0, SharedBaseAddress: 0x0000000800000000, ArchiveRelocationMode: 0.
Narrow klass base: 0x0000000000000000, Narrow klass shift: 0, Narrow klass range: 0x0

GC Precious Log:
<Empty>

Heap:
 garbage-first heap   total 0K, used 0K [0x0000000082a00000, 0x0000000100000000)
  region size 1024K, 0 young (0K), 0 survivors (0K)

[error occurred during error reporting (printing heap information), id 0xc0000005, EXCEPTION_ACCESS_VIOLATION (0xc0000005) at pc=0x00007fffa2f08d89]

GC Heap History (0 events):
No events

Deoptimization events (0 events):
No events

Classes unloaded (0 events):
No events

Classes redefined (0 events):
No events

Internal exceptions (0 events):
No events

VM Operations (0 events):
No events

Events (1 events):
Event: 0.020 Loaded shared library C:\Program Files\Java\jdk-17.0.1\bin\java.dll


Dynamic libraries:
0x00007ff7975a0000 - 0x00007ff7975b0000 	C:\Program Files\Java\jdk-17.0.1\bin\javaw.exe
0x00007ff807770000 - 0x00007ff807965000 	C:\Windows\SYSTEM32\ntdll.dll
0x00007ff805b40000 - 0x00007ff805bfe000 	C:\Windows\System32\KERNEL32.DLL
0x00007ff804e90000 - 0x00007ff805159000 	C:\Windows\System32\KERNELBASE.dll
0x00007ff8056c0000 - 0x00007ff8057c0000 	C:\Windows\System32\ucrtbase.dll
0x00007ff8023e0000 - 0x00007ff8023f8000 	C:\Program Files\Java\jdk-17.0.1\bin\jli.dll
0x00007ff802380000 - 0x00007ff80239a000 	C:\Program Files\Java\jdk-17.0.1\bin\VCRUNTIME140.dll
0x00007ff807680000 - 0x00007ff80772c000 	C:\Windows\System32\ADVAPI32.dll
0x00007ff805f50000 - 0x00007ff805fee000 	C:\Windows\System32\msvcrt.dll
0x00007ff8065e0000 - 0x00007ff80667b000 	C:\Windows\System32\sechost.dll
0x00007ff8060e0000 - 0x00007ff80620a000 	C:\Windows\System32\RPCRT4.dll
0x00007ff805d90000 - 0x00007ff805f31000 	C:\Windows\System32\USER32.dll
0x00007ff8055e0000 - 0x00007ff805602000 	C:\Windows\System32\win32u.dll
0x00007fffeab50000 - 0x00007fffeadea000 	C:\Windows\WinSxS\amd64_microsoft.windows.common-controls_6595b64144ccf1df_6.0.19041.1110_none_60b5254171f9507e\COMCTL32.dll
0x00007ff805ff0000 - 0x00007ff80601b000 	C:\Windows\System32\GDI32.dll
0x00007ff805320000 - 0x00007ff80542b000 	C:\Windows\System32\gdi32full.dll
0x00007ff805250000 - 0x00007ff8052ed000 	C:\Windows\System32\msvcp_win.dll
0x00007ffffef70000 - 0x00007ffffef7a000 	C:\Windows\SYSTEM32\VERSION.dll
0x00007ff805b00000 - 0x00007ff805b30000 	C:\Windows\System32\IMM32.DLL
0x00007ff8023d0000 - 0x00007ff8023dc000 	C:\Program Files\Java\jdk-17.0.1\bin\vcruntime140_1.dll
0x00007fffea7e0000 - 0x00007fffea86d000 	C:\Program Files\Java\jdk-17.0.1\bin\msvcp140.dll
0x00007fffa2840000 - 0x00007fffa33fe000 	C:\Program Files\Java\jdk-17.0.1\bin\server\jvm.dll
0x00007ff805b30000 - 0x00007ff805b38000 	C:\Windows\System32\PSAPI.DLL
0x00007fffccdc0000 - 0x00007fffccdc9000 	C:\Windows\SYSTEM32\WSOCK32.dll
0x00007fffe6e40000 - 0x00007fffe6e67000 	C:\Windows\SYSTEM32\WINMM.dll
0x00007ff806210000 - 0x00007ff80627b000 	C:\Windows\System32\WS2_32.dll
0x00007ff803710000 - 0x00007ff803722000 	C:\Windows\SYSTEM32\kernel.appcore.dll
0x00007fffffed0000 - 0x00007fffffeda000 	C:\Program Files\Java\jdk-17.0.1\bin\jimage.dll
0x00007ff802d70000 - 0x00007ff802f54000 	C:\Windows\SYSTEM32\DBGHELP.DLL
0x00007ffffc870000 - 0x00007ffffc89c000 	C:\Windows\SYSTEM32\dbgcore.DLL
0x00007ff805160000 - 0x00007ff8051e3000 	C:\Windows\System32\bcryptPrimitives.dll
0x00007fffd4b10000 - 0x00007fffd4b35000 	C:\Program Files\Java\jdk-17.0.1\bin\java.dll

dbghelp: loaded successfully - version: 4.0.5 - missing functions: none
symbol engine: initialized successfully - sym options: 0x614 - pdb path: .;C:\Program Files\Java\jdk-17.0.1\bin;C:\Windows\SYSTEM32;C:\Windows\WinSxS\amd64_microsoft.windows.common-controls_6595b64144ccf1df_6.0.19041.1110_none_60b5254171f9507e;C:\Program Files\Java\jdk-17.0.1\bin\server

VM Arguments:
jvm_args: -Dfile.encoding=Cp1252 -XX:+ShowCodeDetailsInExceptionMessages 
java_command: awt.awtDemo
java_class_path (initial): C:\Users\hgj20\OneDrive\Desktop\profound\java\hrushikesh\bin
Launcher Type: SUN_STANDARD

[Global flags]
     intx CICompilerCount                          = 4                                         {product} {ergonomic}
     uint ConcGCThreads                            = 2                                         {product} {ergonomic}
     uint G1ConcRefinementThreads                  = 8                                         {product} {ergonomic}
   size_t G1HeapRegionSize                         = 1048576                                   {product} {ergonomic}
    uintx GCDrainStackTargetSize                   = 64                                        {product} {ergonomic}
   size_t InitialHeapSize                          = 132120576                                 {product} {ergonomic}
   size_t MarkStackSize                            = 4194304                                   {product} {ergonomic}
   size_t MaxHeapSize                              = 2103443456                                {product} {ergonomic}
   size_t MinHeapDeltaBytes                        = 1048576                                   {product} {ergonomic}
   size_t MinHeapSize                              = 8388608                                   {product} {ergonomic}
    uintx NonNMethodCodeHeapSize                   = 5839372                                {pd product} {ergonomic}
    uintx NonProfiledCodeHeapSize                  = 122909434                              {pd product} {ergonomic}
    uintx ProfiledCodeHeapSize                     = 122909434                              {pd product} {ergonomic}
    uintx ReservedCodeCacheSize                    = 251658240                              {pd product} {ergonomic}
     bool SegmentedCodeCache                       = true                                      {product} {ergonomic}
     bool ShowCodeDetailsInExceptionMessages       = true                                   {manageable} {command line}
   size_t SoftMaxHeapSize                          = 2103443456                             {manageable} {ergonomic}
     bool UseCompressedClassPointers               = true                           {product lp64_product} {ergonomic}
     bool UseCompressedOops                        = true                           {product lp64_product} {ergonomic}
     bool UseG1GC                                  = true                                      {product} {ergonomic}
     bool UseLargePagesIndividualAllocation        = false                                  {pd product} {ergonomic}

Logging:
Log output configuration:
 #0: stdout all=warning uptime,level,tags
 #1: stderr all=off uptime,level,tags

Environment Variables:
PATH=C:/Program Files/Java/jdk-17.0.1/bin/server;C:/Program Files/Java/jdk-17.0.1/bin;C:\Program Files\Common Files\Oracle\Java\javapath;C:\Program Files (x86)\Common Files\Oracle\Java\javapath;C:\Windows\system32;C:\Windows;C:\Windows\System32\Wbem;C:\Windows\System32\WindowsPowerShell\v1.0\;C:\Windows\System32\OpenSSH\;C:\Program Files (x86)\NVIDIA Corporation\PhysX\Common;C:\Program Files\NVIDIA Corporation\NVIDIA NvDLISR;C:\Program Files\MySQL\MySQL Shell 8.0\bin\;C:\Users\hgj20\AppData\Local\Microsoft\WindowsApps;;C:\Users\hgj20\OneDrive\Desktop;
USERNAME=hgj20
OS=Windows_NT
PROCESSOR_IDENTIFIER=Intel64 Family 6 Model 165 Stepping 2, GenuineIntel



---------------  S Y S T E M  ---------------

OS:
 Windows 10 , 64 bit Build 19041 (10.0.19041.1202)
OS uptime: 6 days 18:37 hours

CPU: total 8 (initial active 8) (4 cores per cpu, 2 threads per core) family 6 model 165 stepping 2 microcode 0xe2, cx8, cmov, fxsr, ht, mmx, 3dnowpref, sse, sse2, sse3, ssse3, sse4.1, sse4.2, popcnt, lzcnt, tsc, tscinvbit, avx, avx2, aes, erms, clmul, bmi1, bmi2, adx, fma, vzeroupper, clflush, clflushopt

Memory: 4k page, system-wide physical 8023M (820M free)
TotalPageFile size 32599M (AvailPageFile size 10M)
current process WorkingSet (physical memory assigned to process): 10M, peak: 10M
current process commit charge ("private bytes"): 60M, peak: 186M

vm_info: Java HotSpot(TM) 64-Bit Server VM (17.0.1+12-LTS-39) for windows-amd64 JRE (17.0.1+12-LTS-39), built on Sep 27 2021 18:41:35 by "mach5one" with MS VC++ 16.8 (VS2019)

END.
